2012-04-25 20:59:09 Error: [MissingControllerException] Controller class FilesController could not be found.
#0 /Users/Mahir/Sites/pananap/app/webroot/index.php(96): Dispatcher->dispatch(Object(CakeRequest), Object(CakeResponse))
#1 {main}
2012-04-25 20:59:17 Error: [MissingControllerException] Controller class ImgController could not be found.
#0 /Users/Mahir/Sites/pananap/app/webroot/index.php(96): Dispatcher->dispatch(Object(CakeRequest), Object(CakeResponse))
#1 {main}
2012-04-25 21:00:03 Error: [MissingControllerException] Controller class FilesController could not be found.
#0 /Users/Mahir/Sites/pananap/app/webroot/index.php(96): Dispatcher->dispatch(Object(CakeRequest), Object(CakeResponse))
#1 {main}
2012-04-25 21:08:42 Error: [MissingControllerException] Controller class WebrootController could not be found.
#0 /Users/Mahir/Sites/pananap/app/webroot/index.php(96): Dispatcher->dispatch(Object(CakeRequest), Object(CakeResponse))
#1 {main}
2012-04-25 22:40:59 Error: [MissingControllerException] Controller class ShowController could not be found.
#0 /Users/Mahir/Sites/pananap/app/webroot/index.php(96): Dispatcher->dispatch(Object(CakeRequest), Object(CakeResponse))
#1 {main}
2012-04-26 02:43:56 Error: [MissingControllerException] Controller class FilesController could not be found.
#0 /Users/Mahir/Sites/pananap/app/webroot/index.php(96): Dispatcher->dispatch(Object(CakeRequest), Object(CakeResponse))
#1 {main}
2012-04-26 02:43:57 Error: [MissingControllerException] Controller class FilesController could not be found.
#0 /Users/Mahir/Sites/pananap/app/webroot/index.php(96): Dispatcher->dispatch(Object(CakeRequest), Object(CakeResponse))
#1 {main}
2012-04-26 02:44:02 Error: [MissingControllerException] Controller class FilesController could not be found.
#0 /Users/Mahir/Sites/pananap/app/webroot/index.php(96): Dispatcher->dispatch(Object(CakeRequest), Object(CakeResponse))
#1 {main}
2012-04-26 02:44:20 Error: [MissingControllerException] Controller class FilesController could not be found.
#0 /Users/Mahir/Sites/pananap/app/webroot/index.php(96): Dispatcher->dispatch(Object(CakeRequest), Object(CakeResponse))
#1 {main}
2012-04-26 02:44:32 Error: [MissingControllerException] Controller class FilesController could not be found.
#0 /Users/Mahir/Sites/pananap/app/webroot/index.php(96): Dispatcher->dispatch(Object(CakeRequest), Object(CakeResponse))
#1 {main}
2012-04-26 02:44:41 Error: [MissingControllerException] Controller class FilesController could not be found.
#0 /Users/Mahir/Sites/pananap/app/webroot/index.php(96): Dispatcher->dispatch(Object(CakeRequest), Object(CakeResponse))
#1 {main}
2012-04-26 02:45:38 Error: [MissingControllerException] Controller class FilesController could not be found.
#0 /Users/Mahir/Sites/pananap/app/webroot/index.php(96): Dispatcher->dispatch(Object(CakeRequest), Object(CakeResponse))
#1 {main}
2012-04-26 03:07:11 Error: [MissingControllerException] Controller class FilesController could not be found.
#0 /Users/Mahir/Sites/pananap/app/webroot/index.php(96): Dispatcher->dispatch(Object(CakeRequest), Object(CakeResponse))
#1 {main}
2012-04-26 03:07:30 Error: [MissingControllerException] Controller class FilesController could not be found.
#0 /Users/Mahir/Sites/pananap/app/webroot/index.php(96): Dispatcher->dispatch(Object(CakeRequest), Object(CakeResponse))
#1 {main}
2012-04-26 03:09:09 Error: [MissingControllerException] Controller class FilesController could not be found.
#0 /Users/Mahir/Sites/pananap/app/webroot/index.php(96): Dispatcher->dispatch(Object(CakeRequest), Object(CakeResponse))
#1 {main}
2012-04-26 03:12:32 Error: [MissingControllerException] Controller class FilesController could not be found.
#0 /Users/Mahir/Sites/pananap/app/webroot/index.php(96): Dispatcher->dispatch(Object(CakeRequest), Object(CakeResponse))
#1 {main}
2012-04-26 03:13:19 Error: [MissingControllerException] Controller class FilesController could not be found.
#0 /Users/Mahir/Sites/pananap/app/webroot/index.php(96): Dispatcher->dispatch(Object(CakeRequest), Object(CakeResponse))
#1 {main}
2012-04-26 03:15:04 Error: [MissingControllerException] Controller class FilesController could not be found.
#0 /Users/Mahir/Sites/pananap/app/webroot/index.php(96): Dispatcher->dispatch(Object(CakeRequest), Object(CakeResponse))
#1 {main}
2012-04-26 03:15:51 Error: [MissingControllerException] Controller class FilesController could not be found.
#0 /Users/Mahir/Sites/pananap/app/webroot/index.php(96): Dispatcher->dispatch(Object(CakeRequest), Object(CakeResponse))
#1 {main}
2012-04-26 03:16:05 Error: [MissingControllerException] Controller class FilesController could not be found.
#0 /Users/Mahir/Sites/pananap/app/webroot/index.php(96): Dispatcher->dispatch(Object(CakeRequest), Object(CakeResponse))
#1 {main}
2012-04-26 03:16:23 Error: [MissingControllerException] Controller class FilesController could not be found.
#0 /Users/Mahir/Sites/pananap/app/webroot/index.php(96): Dispatcher->dispatch(Object(CakeRequest), Object(CakeResponse))
#1 {main}
2012-04-26 03:17:11 Error: [MissingControllerException] Controller class FilesController could not be found.
#0 /Users/Mahir/Sites/pananap/app/webroot/index.php(96): Dispatcher->dispatch(Object(CakeRequest), Object(CakeResponse))
#1 {main}
2012-04-26 03:17:19 Error: [MissingControllerException] Controller class FilesController could not be found.
#0 /Users/Mahir/Sites/pananap/app/webroot/index.php(96): Dispatcher->dispatch(Object(CakeRequest), Object(CakeResponse))
#1 {main}
2012-04-26 03:18:35 Error: [MissingControllerException] Controller class FilesController could not be found.
#0 /Users/Mahir/Sites/pananap/app/webroot/index.php(96): Dispatcher->dispatch(Object(CakeRequest), Object(CakeResponse))
#1 {main}
2012-04-26 03:20:24 Error: [MissingControllerException] Controller class FilesController could not be found.
#0 /Users/Mahir/Sites/pananap/app/webroot/index.php(96): Dispatcher->dispatch(Object(CakeRequest), Object(CakeResponse))
#1 {main}
2012-04-26 03:27:26 Error: [MissingControllerException] Controller class FilesController could not be found.
#0 /Users/Mahir/Sites/pananap/app/webroot/index.php(96): Dispatcher->dispatch(Object(CakeRequest), Object(CakeResponse))
#1 {main}
2012-04-26 03:30:14 Error: [MissingControllerException] Controller class FilesController could not be found.
#0 /Users/Mahir/Sites/pananap/app/webroot/index.php(96): Dispatcher->dispatch(Object(CakeRequest), Object(CakeResponse))
#1 {main}
2012-04-26 03:32:57 Error: [MissingControllerException] Controller class FilesController could not be found.
#0 /Users/Mahir/Sites/pananap/app/webroot/index.php(96): Dispatcher->dispatch(Object(CakeRequest), Object(CakeResponse))
#1 {main}
2012-04-26 03:41:49 Error: [MissingControllerException] Controller class FilesController could not be found.
#0 /Users/Mahir/Sites/pananap/app/webroot/index.php(96): Dispatcher->dispatch(Object(CakeRequest), Object(CakeResponse))
#1 {main}
2012-04-26 03:44:08 Error: [MissingControllerException] Controller class FilesController could not be found.
#0 /Users/Mahir/Sites/pananap/app/webroot/index.php(96): Dispatcher->dispatch(Object(CakeRequest), Object(CakeResponse))
#1 {main}
2012-04-26 03:48:34 Error: [MissingControllerException] Controller class FilesController could not be found.
#0 /Users/Mahir/Sites/pananap/app/webroot/index.php(96): Dispatcher->dispatch(Object(CakeRequest), Object(CakeResponse))
#1 {main}
2012-04-26 03:50:13 Error: [MissingControllerException] Controller class FilesController could not be found.
#0 /Users/Mahir/Sites/pananap/app/webroot/index.php(96): Dispatcher->dispatch(Object(CakeRequest), Object(CakeResponse))
#1 {main}
2012-04-26 03:51:45 Error: [MissingControllerException] Controller class FilesController could not be found.
#0 /Users/Mahir/Sites/pananap/app/webroot/index.php(96): Dispatcher->dispatch(Object(CakeRequest), Object(CakeResponse))
#1 {main}
2012-04-26 03:53:02 Error: [MissingControllerException] Controller class FilesController could not be found.
#0 /Users/Mahir/Sites/pananap/app/webroot/index.php(96): Dispatcher->dispatch(Object(CakeRequest), Object(CakeResponse))
#1 {main}
2012-04-26 04:07:44 Error: [MissingControllerException] Controller class FilesController could not be found.
#0 /Users/Mahir/Sites/pananap/app/webroot/index.php(96): Dispatcher->dispatch(Object(CakeRequest), Object(CakeResponse))
#1 {main}
2012-04-26 04:13:45 Error: [MissingControllerException] Controller class FilesController could not be found.
#0 /Users/Mahir/Sites/pananap/app/webroot/index.php(96): Dispatcher->dispatch(Object(CakeRequest), Object(CakeResponse))
#1 {main}
2012-04-26 04:16:20 Error: [MissingControllerException] Controller class FilesController could not be found.
#0 /Users/Mahir/Sites/pananap/app/webroot/index.php(96): Dispatcher->dispatch(Object(CakeRequest), Object(CakeResponse))
#1 {main}
2012-04-26 04:30:36 Error: [MissingControllerException] Controller class FilesController could not be found.
#0 /Users/Mahir/Sites/pananap/app/webroot/index.php(96): Dispatcher->dispatch(Object(CakeRequest), Object(CakeResponse))
#1 {main}
2012-04-26 21:07:43 Error: [MissingControllerException] Controller class FilesController could not be found.
#0 /Users/Mahir/Sites/pananap/app/webroot/index.php(96): Dispatcher->dispatch(Object(CakeRequest), Object(CakeResponse))
#1 {main}
2012-04-26 21:08:44 Error: [MissingControllerException] Controller class FilesController could not be found.
#0 /Users/Mahir/Sites/pananap/app/webroot/index.php(96): Dispatcher->dispatch(Object(CakeRequest), Object(CakeResponse))
#1 {main}
2012-04-26 21:08:52 Error: [MissingControllerException] Controller class FilesController could not be found.
#0 /Users/Mahir/Sites/pananap/app/webroot/index.php(96): Dispatcher->dispatch(Object(CakeRequest), Object(CakeResponse))
#1 {main}
2012-04-26 22:50:05 Error: [MissingControllerException] Controller class FilesController could not be found.
#0 /Users/Mahir/Sites/pananap/app/webroot/index.php(96): Dispatcher->dispatch(Object(CakeRequest), Object(CakeResponse))
#1 {main}
2012-04-26 22:53:41 Error: [MissingControllerException] Controller class FilesController could not be found.
#0 /Users/Mahir/Sites/pananap/app/webroot/index.php(96): Dispatcher->dispatch(Object(CakeRequest), Object(CakeResponse))
#1 {main}
2012-04-26 22:54:16 Error: [MissingControllerException] Controller class FilesController could not be found.
#0 /Users/Mahir/Sites/pananap/app/webroot/index.php(96): Dispatcher->dispatch(Object(CakeRequest), Object(CakeResponse))
#1 {main}
2012-04-26 22:54:48 Error: [MissingControllerException] Controller class FilesController could not be found.
#0 /Users/Mahir/Sites/pananap/app/webroot/index.php(96): Dispatcher->dispatch(Object(CakeRequest), Object(CakeResponse))
#1 {main}
2012-04-26 23:03:47 Error: [MissingControllerException] Controller class FilesController could not be found.
#0 /Users/Mahir/Sites/pananap/app/webroot/index.php(96): Dispatcher->dispatch(Object(CakeRequest), Object(CakeResponse))
#1 {main}
2012-04-26 23:27:55 Error: [MissingControllerException] Controller class FilesController could not be found.
#0 /Users/Mahir/Sites/pananap/app/webroot/index.php(96): Dispatcher->dispatch(Object(CakeRequest), Object(CakeResponse))
#1 {main}
2012-04-26 23:47:12 Error: [MissingControllerException] Controller class FilesController could not be found.
#0 /Users/Mahir/Sites/pananap/app/webroot/index.php(96): Dispatcher->dispatch(Object(CakeRequest), Object(CakeResponse))
#1 {main}
2012-04-26 23:47:36 Error: [MissingControllerException] Controller class FilesController could not be found.
#0 /Users/Mahir/Sites/pananap/app/webroot/index.php(96): Dispatcher->dispatch(Object(CakeRequest), Object(CakeResponse))
#1 {main}
2012-04-26 23:47:44 Error: [MissingControllerException] Controller class FilesController could not be found.
#0 /Users/Mahir/Sites/pananap/app/webroot/index.php(96): Dispatcher->dispatch(Object(CakeRequest), Object(CakeResponse))
#1 {main}
2012-04-26 23:47:58 Error: [MissingControllerException] Controller class FilesController could not be found.
#0 /Users/Mahir/Sites/pananap/app/webroot/index.php(96): Dispatcher->dispatch(Object(CakeRequest), Object(CakeResponse))
#1 {main}
2012-04-26 23:47:59 Error: [NotFoundException] Invalid event
#0 [internal function]: EventsController->edit('a')
#1 /Users/Mahir/Sites/pananap/lib/Cake/Controller/Controller.php(485): ReflectionMethod->invokeArgs(Object(EventsController), Array)
#2 /Users/Mahir/Sites/pananap/lib/Cake/Routing/Dispatcher.php(103): Controller->invokeAction(Object(CakeRequest))
#3 /Users/Mahir/Sites/pananap/lib/Cake/Routing/Dispatcher.php(85): Dispatcher->_invoke(Object(EventsController), Object(CakeRequest), Object(CakeResponse))
#4 /Users/Mahir/Sites/pananap/app/webroot/index.php(96): Dispatcher->dispatch(Object(CakeRequest), Object(CakeResponse))
#5 {main}
2012-04-26 23:48:35 Error: [MissingControllerException] Controller class FilesController could not be found.
#0 /Users/Mahir/Sites/pananap/app/webroot/index.php(96): Dispatcher->dispatch(Object(CakeRequest), Object(CakeResponse))
#1 {main}
2012-04-26 23:49:07 Error: [MissingControllerException] Controller class FilesController could not be found.
#0 /Users/Mahir/Sites/pananap/app/webroot/index.php(96): Dispatcher->dispatch(Object(CakeRequest), Object(CakeResponse))
#1 {main}
2012-04-26 23:49:38 Error: [MissingControllerException] Controller class FilesController could not be found.
#0 /Users/Mahir/Sites/pananap/app/webroot/index.php(96): Dispatcher->dispatch(Object(CakeRequest), Object(CakeResponse))
#1 {main}
2012-04-26 23:50:10 Error: [MissingControllerException] Controller class FilesController could not be found.
#0 /Users/Mahir/Sites/pananap/app/webroot/index.php(96): Dispatcher->dispatch(Object(CakeRequest), Object(CakeResponse))
#1 {main}
2012-04-26 23:50:42 Error: [MissingControllerException] Controller class FilesController could not be found.
#0 /Users/Mahir/Sites/pananap/app/webroot/index.php(96): Dispatcher->dispatch(Object(CakeRequest), Object(CakeResponse))
#1 {main}
2012-04-26 23:51:14 Error: [MissingControllerException] Controller class FilesController could not be found.
#0 /Users/Mahir/Sites/pananap/app/webroot/index.php(96): Dispatcher->dispatch(Object(CakeRequest), Object(CakeResponse))
#1 {main}
2012-04-26 23:52:03 Error: [MissingControllerException] Controller class FilesController could not be found.
#0 /Users/Mahir/Sites/pananap/app/webroot/index.php(96): Dispatcher->dispatch(Object(CakeRequest), Object(CakeResponse))
#1 {main}
2012-04-27 00:16:11 Error: [MissingControllerException] Controller class FilesController could not be found.
#0 /Users/Mahir/Sites/pananap/app/webroot/index.php(96): Dispatcher->dispatch(Object(CakeRequest), Object(CakeResponse))
#1 {main}
2012-04-27 00:40:20 Error: [MissingControllerException] Controller class FilesController could not be found.
#0 /Users/Mahir/Sites/pananap/app/webroot/index.php(96): Dispatcher->dispatch(Object(CakeRequest), Object(CakeResponse))
#1 {main}
